2024-11-25 17:28:13,984 INFO:Found PN532 with firmware version: 1.6
2024-11-25 17:28:14,050 INFO:PN532 SAM configuration completed.
2024-11-25 17:28:17,588 INFO:Found card with UID: ['0x4', '0x56', '0x97', '0xad', '0x6a', '0x26', '0x81']
2024-11-25 17:28:17,656 DEBUG:Page 4: 0103a00c
2024-11-25 17:28:17,721 ERROR:Error during NDEF scanning: 
2024-11-25 17:28:17,722 INFO:No readable NDEF message found.
2024-11-25 17:28:17,723 INFO:No readable NDEF message found.
2024-11-25 17:28:21,261 INFO:Found card with UID: ['0x4', '0x56', '0x97', '0xad', '0x6a', '0x26', '0x81']
2024-11-25 17:28:21,327 DEBUG:Page 4: 0103a00c
2024-11-25 17:28:21,391 ERROR:Error during NDEF scanning: 
2024-11-25 17:28:21,392 INFO:No readable NDEF message found.
2024-11-25 17:28:21,392 INFO:No readable NDEF message found.
2024-11-25 17:28:25,757 INFO:Found card with UID: ['0x4', '0x56', '0x97', '0xad', '0x6a', '0x26', '0x81']
2024-11-25 17:28:25,825 DEBUG:Page 4: 0103a00c
2024-11-25 17:28:25,890 DEBUG:Page 5: 340300fe
2024-11-25 17:28:25,954 DEBUG:Page 6: 00000000
2024-11-25 17:28:26,019 DEBUG:Page 7: 00000000
2024-11-25 17:28:26,084 DEBUG:Page 8: 00000000
2024-11-25 17:28:26,149 DEBUG:Page 9: 00000000
2024-11-25 17:28:26,214 DEBUG:Page 10: 00000000
2024-11-25 17:28:26,280 DEBUG:Page 11: 00000000
2024-11-25 17:28:26,347 DEBUG:Page 12: 00000000
2024-11-25 17:28:26,411 DEBUG:Page 13: 00000000
2024-11-25 17:28:26,474 DEBUG:Page 14: 00000000
2024-11-25 17:28:26,537 DEBUG:Page 15: 00000000
2024-11-25 17:28:26,600 DEBUG:Page 16: 00000000
2024-11-25 17:28:26,663 DEBUG:Page 17: 00000000
2024-11-25 17:28:26,726 DEBUG:Page 18: 00000000
2024-11-25 17:28:26,789 DEBUG:Page 19: 00000000
2024-11-25 17:28:26,852 DEBUG:Page 20: 00000000
2024-11-25 17:28:26,915 DEBUG:Page 21: 00000000
2024-11-25 17:28:26,978 DEBUG:Page 22: 00000000
2024-11-25 17:28:27,041 DEBUG:Page 23: 00000000
2024-11-25 17:28:27,104 DEBUG:Page 24: 00000000
2024-11-25 17:28:27,167 DEBUG:Page 25: 00000000
2024-11-25 17:28:27,230 DEBUG:Page 26: 00000000
2024-11-25 17:28:27,293 DEBUG:Page 27: 00000000
2024-11-25 17:28:27,356 DEBUG:Page 28: 00000000
2024-11-25 17:28:27,419 DEBUG:Page 29: 00000000
2024-11-25 17:28:27,482 DEBUG:Page 30: 00000000
2024-11-25 17:28:27,545 DEBUG:Page 31: 00000000
2024-11-25 17:28:27,608 DEBUG:Page 32: 00000000
2024-11-25 17:28:27,671 DEBUG:Page 33: 00000000
2024-11-25 17:28:27,734 DEBUG:Page 34: 00000000
2024-11-25 17:28:27,797 DEBUG:Page 35: 00000000
2024-11-25 17:28:27,860 DEBUG:Page 36: 00000000
2024-11-25 17:28:27,923 DEBUG:Page 37: 00000000
2024-11-25 17:28:27,986 DEBUG:Page 38: 00000000
2024-11-25 17:28:28,049 DEBUG:Page 39: 00000000
2024-11-25 17:28:28,112 DEBUG:Page 40: 000000bd
2024-11-25 17:28:28,175 DEBUG:Page 41: 040000ff
2024-11-25 17:28:28,238 DEBUG:Page 42: 00050000
2024-11-25 17:28:28,301 DEBUG:Page 43: 00000000
2024-11-25 17:28:28,364 DEBUG:Page 44: 00000000
2024-11-25 17:28:28,364 WARNING:NDEF header (0xD1) not found in any page.
2024-11-25 17:28:28,365 INFO:No readable NDEF message found.
2024-11-25 17:28:28,365 INFO:No readable NDEF message found.
2024-11-25 17:28:31,420 INFO:Exiting program.
2024-11-25 17:31:18,127 INFO:Found PN532 with firmware version: 1.6
2024-11-25 17:31:18,197 INFO:PN532 SAM configuration completed.
2024-11-25 17:31:25,185 INFO:Found card with UID: ['0x4', '0x56', '0x97', '0xad', '0x6a', '0x26', '0x81']
2024-11-25 17:31:25,261 DEBUG:Page 4: 0103a00c
2024-11-25 17:31:25,325 DEBUG:Page 5: 340308d1
2024-11-25 17:31:25,326 INFO:Found NDEF header at Page 5, Byte 3
2024-11-25 17:31:25,389 DEBUG:NDEF Message Extracted: d1015402
2024-11-25 17:31:25,389 WARNING:NDEF data too short.
2024-11-25 17:31:25,390 INFO:No readable NDEF message found after parsing.
2024-11-25 17:31:25,390 INFO:No readable NDEF message found.
2024-11-25 17:31:32,590 INFO:Found card with UID: ['0x4', '0x56', '0x97', '0xad', '0x6a', '0x26', '0x81']
2024-11-25 17:31:32,658 DEBUG:Page 4: 0103a00c
2024-11-25 17:31:32,723 DEBUG:Page 5: 340308d1
2024-11-25 17:31:32,724 INFO:Found NDEF header at Page 5, Byte 3
2024-11-25 17:31:32,788 DEBUG:NDEF Message Extracted: d1015402
2024-11-25 17:31:32,788 WARNING:NDEF data too short.
2024-11-25 17:31:32,789 INFO:No readable NDEF message found after parsing.
2024-11-25 17:31:32,789 INFO:No readable NDEF message found.
2024-11-25 17:31:38,184 INFO:Found card with UID: ['0x4', '0x56', '0x97', '0xad', '0x6a', '0x26', '0x81']
2024-11-25 17:31:38,248 DEBUG:Page 4: 0103a00c
2024-11-25 17:31:38,311 DEBUG:Page 5: 340308d1
2024-11-25 17:31:38,312 INFO:Found NDEF header at Page 5, Byte 3
2024-11-25 17:31:38,375 DEBUG:NDEF Message Extracted: d1015402
2024-11-25 17:31:38,375 WARNING:NDEF data too short.
2024-11-25 17:31:38,376 INFO:No readable NDEF message found after parsing.
2024-11-25 17:31:38,376 INFO:No readable NDEF message found.
2024-11-25 17:42:00,184 INFO:Found card with UID: ['0x4', '0x56', '0x97', '0xad', '0x6a', '0x26', '0x81']
2024-11-25 17:42:00,251 DEBUG:Page 4: 0308d101
2024-11-25 17:42:00,251 INFO:Found NDEF header at Page 4, Byte 2
2024-11-25 17:42:00,315 DEBUG:NDEF Message Extracted: d1040265
2024-11-25 17:42:00,315 WARNING:NDEF data too short.
2024-11-25 17:42:00,315 INFO:No readable NDEF message found after parsing.
2024-11-25 17:42:00,315 INFO:No readable NDEF message found.
2024-11-25 17:42:08,958 INFO:Exiting program.
